<?xml version="1.0" encoding="UTF-8"?>
<testng-results ignored="0" total="4" passed="4" failed="0" skipped="0">
  <reporter-output>
  </reporter-output>
  <suite started-at="2025-02-24T23:55:52 IST" name="Default suite" finished-at="2025-02-24T23:56:40 IST" duration-ms="47996">
    <groups>
    </groups>
    <test started-at="2025-02-24T23:55:52 IST" name="Default test" finished-at="2025-02-24T23:56:40 IST" duration-ms="47996">
      <class name="com.TestNGDemos.ReadWriteToExcel">
        <test-method is-config="true" signature="beforeTest()[pri:0, instance:com.TestNGDemos.ReadWriteToExcel@40ef3420]" started-at="2025-02-24T23:55:52 IST" name="beforeTest" finished-at="2025-02-24T23:56:28 IST" duration-ms="36366" status="PASS">
          <reporter-output>
          </reporter-output>
        </test-method> <!-- beforeTest -->
        <test-method signature="loginOHRM(java.lang.String,java.lang.String)[pri:0, instance:com.TestNGDemos.ReadWriteToExcel@40ef3420]" started-at="2025-02-24T23:56:28 IST" name="loginOHRM" data-provider="data" finished-at="2025-02-24T23:56:30 IST" duration-ms="2015" status="PASS">
          <params>
            <param index="0">
              <value>
                <![CDATA[Admin]]>
              </value>
            </param>
            <param index="1">
              <value>
                <![CDATA[admin123]]>
              </value>
            </param>
          </params>
          <reporter-output>
          </reporter-output>
        </test-method> <!-- loginOHRM -->
        <test-method is-config="true" signature="afterMethod()[pri:0, instance:com.TestNGDemos.ReadWriteToExcel@40ef3420]" started-at="2025-02-24T23:56:30 IST" name="afterMethod" finished-at="2025-02-24T23:56:34 IST" duration-ms="3622" status="PASS">
          <reporter-output>
          </reporter-output>
        </test-method> <!-- afterMethod -->
        <test-method signature="loginOHRM(java.lang.String,java.lang.String)[pri:0, instance:com.TestNGDemos.ReadWriteToExcel@40ef3420]" started-at="2025-02-24T23:56:34 IST" name="loginOHRM" data-provider="data" finished-at="2025-02-24T23:56:35 IST" duration-ms="1108" status="PASS">
          <params>
            <param index="0">
              <value>
                <![CDATA[pratiksha]]>
              </value>
            </param>
            <param index="1">
              <value>
                <![CDATA[pratiL]]>
              </value>
            </param>
          </params>
          <reporter-output>
          </reporter-output>
        </test-method> <!-- loginOHRM -->
        <test-method is-config="true" signature="afterMethod()[pri:0, instance:com.TestNGDemos.ReadWriteToExcel@40ef3420]" started-at="2025-02-24T23:56:35 IST" name="afterMethod" finished-at="2025-02-24T23:56:36 IST" duration-ms="887" status="PASS">
          <reporter-output>
          </reporter-output>
        </test-method> <!-- afterMethod -->
        <test-method signature="loginOHRM(java.lang.String,java.lang.String)[pri:0, instance:com.TestNGDemos.ReadWriteToExcel@40ef3420]" started-at="2025-02-24T23:56:36 IST" name="loginOHRM" data-provider="data" finished-at="2025-02-24T23:56:37 IST" duration-ms="856" status="PASS">
          <params>
            <param index="0">
              <value>
                <![CDATA[simran]]>
              </value>
            </param>
            <param index="1">
              <value>
                <![CDATA[manjarekar]]>
              </value>
            </param>
          </params>
          <reporter-output>
          </reporter-output>
        </test-method> <!-- loginOHRM -->
        <test-method is-config="true" signature="afterMethod()[pri:0, instance:com.TestNGDemos.ReadWriteToExcel@40ef3420]" started-at="2025-02-24T23:56:37 IST" name="afterMethod" finished-at="2025-02-24T23:56:38 IST" duration-ms="801" status="PASS">
          <reporter-output>
          </reporter-output>
        </test-method> <!-- afterMethod -->
        <test-method signature="loginOHRM(java.lang.String,java.lang.String)[pri:0, instance:com.TestNGDemos.ReadWriteToExcel@40ef3420]" started-at="2025-02-24T23:56:38 IST" name="loginOHRM" data-provider="data" finished-at="2025-02-24T23:56:39 IST" duration-ms="1590" status="PASS">
          <params>
            <param index="0">
              <value>
                <![CDATA[Raj]]>
              </value>
            </param>
            <param index="1">
              <value>
                <![CDATA[sakpal]]>
              </value>
            </param>
          </params>
          <reporter-output>
          </reporter-output>
        </test-method> <!-- loginOHRM -->
        <test-method is-config="true" signature="afterMethod()[pri:0, instance:com.TestNGDemos.ReadWriteToExcel@40ef3420]" started-at="2025-02-24T23:56:39 IST" name="afterMethod" finished-at="2025-02-24T23:56:39 IST" duration-ms="14" status="PASS">
          <reporter-output>
          </reporter-output>
        </test-method> <!-- afterMethod -->
        <test-method is-config="true" signature="afterTest()[pri:0, instance:com.TestNGDemos.ReadWriteToExcel@40ef3420]" started-at="2025-02-24T23:56:39 IST" name="afterTest" finished-at="2025-02-24T23:56:40 IST" duration-ms="632" status="PASS">
          <reporter-output>
          </reporter-output>
        </test-method> <!-- afterTest -->
      </class> <!-- com.TestNGDemos.ReadWriteToExcel -->
    </test> <!-- Default test -->
  </suite> <!-- Default suite -->
</testng-results>
