<?xml version="1.0" encoding="UTF-8"?>
<testng-results ignored="0" total="1" passed="1" failed="0" skipped="0">
  <reporter-output>
  </reporter-output>
  <suite started-at="2025-02-23T20:36:18 IST" name="Default suite" finished-at="2025-02-23T20:37:28 IST" duration-ms="70648">
    <groups>
    </groups>
    <test started-at="2025-02-23T20:36:18 IST" name="Default test" finished-at="2025-02-23T20:37:28 IST" duration-ms="70648">
      <class name="com.SeleniumAssignment.RegistrationForm">
        <test-method is-config="true" signature="luanchBrowser()[pri:0, instance:com.SeleniumAssignment.RegistrationForm@6ed3ccb2]" started-at="2025-02-23T20:36:18 IST" name="luanchBrowser" finished-at="2025-02-23T20:37:25 IST" duration-ms="67371" status="PASS">
          <reporter-output>
          </reporter-output>
        </test-method> <!-- luanchBrowser -->
        <test-method signature="submitDetails(java.lang.String,java.lang.String,java.lang.String,java.lang.String,java.lang.String,java.lang.String,java.lang.String,java.lang.String)[pri:0, instance:com.SeleniumAssignment.RegistrationForm@6ed3ccb2]" started-at="2025-02-23T20:37:25 IST" name="submitDetails" data-provider="data" finished-at="2025-02-23T20:37:28 IST" duration-ms="2730" status="PASS">
          <params>
            <param index="0">
              <value>
                <![CDATA[Simran]]>
              </value>
            </param>
            <param index="1">
              <value>
                <![CDATA[Manjarekar]]>
              </value>
            </param>
            <param index="2">
              <value>
                <![CDATA[simran@gmail.com]]>
              </value>
            </param>
            <param index="3">
              <value>
                <![CDATA[Female]]>
              </value>
            </param>
            <param index="4">
              <value>
                <![CDATA[2893299103]]>
              </value>
            </param>
            <param index="5">
              <value>
                <![CDATA[05 Sep 1997]]>
              </value>
            </param>
            <param index="6">
              <value>
                <![CDATA[Reading]]>
              </value>
            </param>
            <param index="7">
              <value>
                <![CDATA[Khar east]]>
              </value>
            </param>
          </params>
          <reporter-output>
          </reporter-output>
        </test-method> <!-- submitDetails -->
        <test-method is-config="true" signature="validateRegistration()[pri:0, instance:com.SeleniumAssignment.RegistrationForm@6ed3ccb2]" started-at="2025-02-23T20:37:28 IST" name="validateRegistration" finished-at="2025-02-23T20:37:28 IST" duration-ms="74" status="PASS">
          <reporter-output>
          </reporter-output>
        </test-method> <!-- validateRegistration -->
        <test-method is-config="true" signature="tearDown()[pri:0, instance:com.SeleniumAssignment.RegistrationForm@6ed3ccb2]" started-at="2025-02-23T20:37:28 IST" name="tearDown" finished-at="2025-02-23T20:37:28 IST" duration-ms="361" status="PASS">
          <reporter-output>
          </reporter-output>
        </test-method> <!-- tearDown -->
      </class> <!-- com.SeleniumAssignment.RegistrationForm -->
    </test> <!-- Default test -->
  </suite> <!-- Default suite -->
</testng-results>
