<?xml version="1.0" encoding="UTF-8"?>
<!-- Generated by org.testng.reporters.JUnitXMLReporter -->
<testsuite ignored="3" hostname="INDSIMRANM-L2" failures="0" tests="1" name="My test" time="53.15" errors="0" timestamp="2025-02-12T21:36:58 IST">
  <testcase classname="com.TestNGDemos.Assignment01" name="ClickOnMobiles" time="33.999"/>
  <testcase classname="com.TestNGDemos.Assignment01" name="ClickOnBestSellers" time="0.0">
    <ignored/>
  </testcase> <!-- ClickOnBestSellers -->
  <testcase classname="com.TestNGDemos.Assignment01" name="ClickOnSell" time="0.0">
    <ignored/>
  </testcase> <!-- ClickOnSell -->
  <testcase classname="com.TestNGDemos.Assignment01" name="ClickOnElectronics" time="0.0">
    <ignored/>
  </testcase> <!-- ClickOnElectronics -->
</testsuite> <!-- My test -->
