<?xml version="1.0" encoding="UTF-8"?>
<!-- Generated by org.testng.reporters.JUnitXMLReporter -->
<testsuite ignored="0" hostname="INDSIMRANM-L2" failures="0" tests="4" name="My test" time="36.907" errors="0" timestamp="2025-02-13T11:40:47 IST">
  <testcase classname="com.TestNGDemos.D01Test" name="TestHM" time="25.654"/>
  <testcase classname="com.TestNGDemos.D01Test" name="TestAmazon" time="26.148"/>
  <testcase classname="com.TestNGDemos.D01Test" name="TestMyntra" time="10.628"/>
  <testcase classname="com.TestNGDemos.D01Test" name="TestUrbanic" time="10.707"/>
</testsuite> <!-- My test -->
