<?xml version="1.0" encoding="UTF-8"?>
<!-- Generated by org.testng.reporters.JUnitXMLReporter -->
<testsuite ignored="0" hostname="INDSIMRANM-L2" failures="0" tests="4" name="Default test" time="47.996" errors="0" timestamp="2025-02-24T23:56:40 IST">
  <testcase classname="com.TestNGDemos.ReadWriteToExcel" name="loginOHRM" time="2.015"/>
  <testcase classname="com.TestNGDemos.ReadWriteToExcel" name="loginOHRM" time="1.108"/>
  <testcase classname="com.TestNGDemos.ReadWriteToExcel" name="loginOHRM" time="0.856"/>
  <testcase classname="com.TestNGDemos.ReadWriteToExcel" name="loginOHRM" time="1.59"/>
</testsuite> <!-- Default test -->
