<?xml version="1.0" encoding="UTF-8"?>
<testng-results ignored="0" total="1" passed="1" failed="0" skipped="0">
  <reporter-output>
  </reporter-output>
  <suite started-at="2025-03-23T14:12:08 IST" name="Default suite" finished-at="2025-03-23T14:12:11 IST" duration-ms="2329">
    <groups>
    </groups>
    <test started-at="2025-03-23T14:12:08 IST" name="Default test" finished-at="2025-03-23T14:12:11 IST" duration-ms="2329">
      <class name="com.assignment.AssignmentQ2">
        <test-method signature="CreateUsingPojoClass()[pri:0, instance:com.assignment.AssignmentQ2@12468a38]" started-at="2025-03-23T14:12:08 IST" name="CreateUsingPojoClass" finished-at="2025-03-23T14:12:11 IST" duration-ms="2288" status="PASS">
          <reporter-output>
          </reporter-output>
        </test-method> <!-- CreateUsingPojoClass -->
      </class> <!-- com.assignment.AssignmentQ2 -->
    </test> <!-- Default test -->
  </suite> <!-- Default suite -->
</testng-results>
